[2025-01-20 01:58:13] local.INFO: Subscription queued {"item_id":36} 
[2025-01-20 01:58:13] local.INFO: Subscription queued {"item_id":37} 
[2025-01-20 01:58:13] local.INFO: Subscription queued {"item_id":38} 
[2025-01-20 01:58:13] local.INFO: Subscription queued {"item_id":39} 
[2025-01-20 01:58:13] local.INFO: Subscription queued {"item_id":40} 
[2025-01-20 01:58:13] local.INFO: Subscription queued {"item_id":41} 
[2025-01-20 01:58:13] local.INFO: Subscription queued {"item_id":42} 
[2025-01-20 01:58:13] local.INFO: Subscription queued {"item_id":43} 
[2025-01-20 01:58:13] local.INFO: Subscription queued {"item_id":44} 
[2025-01-20 01:58:13] local.INFO: Subscription queued {"item_id":45} 
[2025-01-20 01:58:13] local.INFO: Subscription queued {"item_id":46} 
[2025-01-20 01:58:13] local.INFO: Subscription queued {"item_id":47} 
[2025-01-20 01:58:13] local.INFO: Subscription queued {"item_id":48} 
[2025-01-20 01:58:13] local.INFO: Subscription queued {"item_id":49} 
[2025-01-20 01:58:13] local.INFO: Subscription queued {"item_id":50} 
[2025-01-20 01:58:13] local.INFO: Subscription queued {"item_id":51} 
[2025-01-20 01:58:13] local.INFO: Subscription queued {"item_id":52} 
[2025-01-20 01:58:13] local.INFO: Subscription queued {"item_id":53} 
[2025-01-20 01:58:13] local.INFO: Subscription queued {"item_id":54} 
[2025-01-20 01:58:13] local.INFO: Subscription queued {"item_id":55} 
[2025-01-20 01:59:09] local.INFO: Subscription queued {"item_id":56} 
[2025-01-20 01:59:09] local.INFO: Subscription queued {"item_id":57} 
[2025-01-20 01:59:09] local.INFO: Subscription queued {"item_id":58} 
[2025-01-20 01:59:09] local.INFO: Subscription queued {"item_id":59} 
[2025-01-20 01:59:09] local.INFO: Subscription queued {"item_id":60} 
[2025-01-20 01:59:09] local.INFO: Subscription queued {"item_id":61} 
[2025-01-20 01:59:09] local.INFO: Subscription queued {"item_id":62} 
[2025-01-20 01:59:09] local.INFO: Subscription queued {"item_id":63} 
[2025-01-20 01:59:09] local.INFO: Subscription queued {"item_id":64} 
[2025-01-20 01:59:09] local.INFO: Subscription queued {"item_id":65} 
[2025-01-20 01:59:09] local.INFO: Subscription queued {"item_id":66} 
[2025-01-20 01:59:09] local.INFO: Subscription queued {"item_id":67} 
[2025-01-20 01:59:09] local.INFO: Subscription queued {"item_id":68} 
[2025-01-20 01:59:09] local.INFO: Subscription queued {"item_id":69} 
[2025-01-20 01:59:09] local.INFO: Subscription queued {"item_id":70} 
[2025-01-20 01:59:09] local.INFO: Subscription queued {"item_id":71} 
[2025-01-20 01:59:09] local.INFO: Subscription queued {"item_id":72} 
[2025-01-20 01:59:09] local.INFO: Subscription queued {"item_id":73} 
[2025-01-20 01:59:09] local.INFO: Subscription queued {"item_id":74} 
[2025-01-20 01:59:09] local.INFO: Subscription queued {"item_id":75} 
[2025-01-20 01:59:09] local.INFO: Subscription queued {"item_id":76} 
[2025-01-20 01:59:09] local.INFO: Subscription queued {"item_id":77} 
[2025-01-20 01:59:09] local.INFO: Subscription queued {"item_id":78} 
[2025-01-20 01:59:09] local.INFO: Subscription queued {"item_id":79} 
[2025-01-20 01:59:09] local.INFO: Subscription queued {"item_id":80} 
[2025-01-20 01:59:09] local.INFO: Subscription queued {"item_id":81} 
[2025-01-20 01:59:09] local.INFO: Subscription queued {"item_id":82} 
[2025-01-20 01:59:09] local.INFO: Subscription queued {"item_id":83} 
[2025-01-20 01:59:09] local.INFO: Subscription queued {"item_id":84} 
[2025-01-20 01:59:09] local.INFO: Subscription queued {"item_id":85} 
[2025-01-20 01:59:09] local.INFO: Subscription queued {"item_id":86} 
[2025-01-20 01:59:09] local.INFO: Subscription queued {"item_id":87} 
[2025-01-20 01:59:09] local.INFO: Subscription queued {"item_id":88} 
[2025-01-20 01:59:09] local.INFO: Subscription queued {"item_id":89} 
[2025-01-20 01:59:09] local.INFO: Subscription queued {"item_id":90} 
[2025-01-20 01:59:09] local.INFO: Subscription queued {"item_id":91} 
[2025-01-20 01:59:09] local.INFO: Subscription queued {"item_id":92} 
[2025-01-20 01:59:09] local.INFO: Subscription queued {"item_id":93} 
[2025-01-20 01:59:09] local.INFO: Subscription queued {"item_id":94} 
[2025-01-20 01:59:09] local.INFO: Subscription queued {"item_id":95} 
[2025-01-20 01:59:10] local.INFO: Subscription queued {"item_id":96} 
[2025-01-20 01:59:10] local.INFO: Subscription queued {"item_id":97} 
[2025-01-20 01:59:10] local.INFO: Subscription queued {"item_id":98} 
[2025-01-20 01:59:10] local.INFO: Subscription queued {"item_id":99} 
[2025-01-20 01:59:10] local.INFO: Subscription queued {"item_id":100} 
[2025-01-20 01:59:10] local.INFO: Subscription queued {"item_id":101} 
[2025-01-20 01:59:10] local.INFO: Subscription queued {"item_id":102} 
[2025-01-20 01:59:10] local.INFO: Subscription queued {"item_id":103} 
[2025-01-20 01:59:10] local.INFO: Subscription queued {"item_id":104} 
[2025-01-20 01:59:10] local.INFO: Subscription queued {"item_id":105} 
[2025-01-20 01:59:10] local.INFO: Subscription queued {"item_id":106} 
[2025-01-20 01:59:10] local.INFO: Subscription queued {"item_id":107} 
[2025-01-20 01:59:10] local.INFO: Subscription queued {"item_id":108} 
[2025-01-20 01:59:10] local.INFO: Subscription queued {"item_id":109} 
[2025-01-20 01:59:10] local.INFO: Subscription queued {"item_id":110} 
[2025-01-20 01:59:10] local.INFO: Subscription queued {"item_id":111} 
[2025-01-20 01:59:10] local.INFO: Subscription queued {"item_id":112} 
[2025-01-20 01:59:10] local.INFO: Subscription queued {"item_id":113} 
[2025-01-20 01:59:10] local.INFO: Subscription queued {"item_id":114} 
[2025-01-20 01:59:10] local.INFO: Subscription queued {"item_id":115} 
[2025-01-20 01:59:10] local.INFO: Subscription queued {"item_id":116} 
[2025-01-20 01:59:10] local.INFO: Subscription queued {"item_id":117} 
[2025-01-20 01:59:10] local.INFO: Subscription queued {"item_id":118} 
[2025-01-20 01:59:10] local.INFO: Subscription queued {"item_id":119} 
[2025-01-20 01:59:10] local.INFO: Subscription queued {"item_id":120} 
[2025-01-20 01:59:10] local.INFO: Subscription queued {"item_id":121} 
[2025-01-20 01:59:10] local.INFO: Subscription queued {"item_id":122} 
[2025-01-20 01:59:10] local.INFO: Subscription queued {"item_id":123} 
[2025-01-20 01:59:10] local.INFO: Subscription queued {"item_id":124} 
[2025-01-20 01:59:10] local.INFO: Subscription queued {"item_id":125} 
[2025-01-20 01:59:10] local.INFO: Subscription queued {"item_id":126} 
[2025-01-20 01:59:10] local.INFO: Subscription queued {"item_id":127} 
[2025-01-20 01:59:10] local.INFO: Subscription queued {"item_id":128} 
[2025-01-20 01:59:10] local.INFO: Subscription queued {"item_id":129} 
[2025-01-20 01:59:10] local.INFO: Subscription queued {"item_id":130} 
[2025-01-20 01:59:10] local.INFO: Subscription queued {"item_id":131} 
[2025-01-20 01:59:10] local.INFO: Subscription queued {"item_id":132} 
[2025-01-20 01:59:11] local.INFO: Subscription queued {"item_id":133} 
[2025-01-20 01:59:11] local.INFO: Subscription queued {"item_id":134} 
[2025-01-20 01:59:11] local.INFO: Subscription queued {"item_id":135} 
[2025-01-20 01:59:11] local.INFO: Subscription queued {"item_id":136} 
[2025-01-20 01:59:11] local.INFO: Subscription queued {"item_id":137} 
[2025-01-20 01:59:11] local.INFO: Subscription queued {"item_id":138} 
[2025-01-20 01:59:11] local.INFO: Subscription queued {"item_id":139} 
[2025-01-20 01:59:11] local.INFO: Subscription queued {"item_id":140} 
[2025-01-20 01:59:11] local.INFO: Subscription queued {"item_id":141} 
[2025-01-20 01:59:11] local.INFO: Subscription queued {"item_id":142} 
[2025-01-20 01:59:11] local.INFO: Subscription queued {"item_id":143} 
[2025-01-20 01:59:11] local.INFO: Subscription queued {"item_id":144} 
[2025-01-20 01:59:11] local.INFO: Subscription queued {"item_id":145} 
[2025-01-20 01:59:11] local.INFO: Subscription queued {"item_id":146} 
[2025-01-20 01:59:11] local.INFO: Subscription queued {"item_id":147} 
[2025-01-20 01:59:11] local.INFO: Subscription queued {"item_id":148} 
[2025-01-20 01:59:11] local.INFO: Subscription queued {"item_id":149} 
[2025-01-20 01:59:11] local.INFO: Subscription queued {"item_id":150} 
[2025-01-20 01:59:11] local.INFO: Subscription queued {"item_id":151} 
[2025-01-20 01:59:11] local.INFO: Subscription queued {"item_id":152} 
[2025-01-20 01:59:11] local.INFO: Subscription queued {"item_id":153} 
[2025-01-20 01:59:11] local.INFO: Subscription queued {"item_id":154} 
[2025-01-20 01:59:11] local.INFO: Subscription queued {"item_id":155} 
[2025-01-20 01:59:11] local.INFO: Subscription queued {"item_id":156} 
[2025-01-20 01:59:11] local.INFO: Subscription queued {"item_id":157} 
[2025-01-20 01:59:11] local.INFO: Subscription queued {"item_id":158} 
[2025-01-20 01:59:11] local.INFO: Subscription queued {"item_id":159} 
[2025-01-20 01:59:11] local.INFO: Subscription queued {"item_id":160} 
[2025-01-20 01:59:11] local.INFO: Subscription queued {"item_id":161} 
[2025-01-20 01:59:11] local.INFO: Subscription queued {"item_id":162} 
[2025-01-20 01:59:11] local.INFO: Subscription queued {"item_id":163} 
[2025-01-20 01:59:11] local.INFO: Subscription queued {"item_id":164} 
[2025-01-20 01:59:11] local.INFO: Subscription queued {"item_id":165} 
[2025-01-20 01:59:11] local.INFO: Subscription queued {"item_id":166} 
[2025-01-20 01:59:11] local.INFO: Subscription queued {"item_id":167} 
[2025-01-20 01:59:11] local.INFO: Subscription queued {"item_id":168} 
[2025-01-20 01:59:11] local.INFO: Subscription queued {"item_id":169} 
[2025-01-20 01:59:11] local.INFO: Subscription queued {"item_id":170} 
[2025-01-20 01:59:11] local.INFO: Subscription queued {"item_id":171} 
[2025-01-20 01:59:11] local.INFO: Subscription queued {"item_id":172} 
[2025-01-20 01:59:11] local.INFO: Subscription queued {"item_id":173} 
[2025-01-20 01:59:11] local.INFO: Subscription queued {"item_id":174} 
[2025-01-20 01:59:11] local.INFO: Subscription queued {"item_id":175} 
[2025-01-20 01:59:13] local.INFO: Subscription queued {"item_id":176} 
[2025-01-20 01:59:13] local.INFO: Subscription queued {"item_id":177} 
[2025-01-20 01:59:13] local.INFO: Subscription queued {"item_id":178} 
[2025-01-20 01:59:13] local.INFO: Subscription queued {"item_id":179} 
[2025-01-20 01:59:13] local.INFO: Subscription queued {"item_id":180} 
[2025-01-20 01:59:13] local.INFO: Subscription queued {"item_id":181} 
[2025-01-20 01:59:13] local.INFO: Subscription queued {"item_id":182} 
[2025-01-20 01:59:13] local.INFO: Subscription queued {"item_id":183} 
[2025-01-20 01:59:13] local.INFO: Subscription queued {"item_id":184} 
[2025-01-20 01:59:13] local.INFO: Subscription queued {"item_id":185} 
[2025-01-20 01:59:13] local.INFO: Subscription queued {"item_id":186} 
[2025-01-20 01:59:13] local.INFO: Subscription queued {"item_id":187} 
[2025-01-20 01:59:13] local.INFO: Subscription queued {"item_id":188} 
[2025-01-20 01:59:13] local.INFO: Subscription queued {"item_id":189} 
[2025-01-20 01:59:13] local.INFO: Subscription queued {"item_id":190} 
[2025-01-20 01:59:13] local.INFO: Subscription queued {"item_id":191} 
[2025-01-20 01:59:13] local.INFO: Subscription queued {"item_id":192} 
[2025-01-20 01:59:13] local.INFO: Subscription queued {"item_id":193} 
[2025-01-20 01:59:13] local.INFO: Subscription queued {"item_id":194} 
[2025-01-20 01:59:13] local.INFO: Subscription queued {"item_id":195} 
[2025-01-20 01:59:13] local.INFO: Subscription queued {"item_id":196} 
[2025-01-20 01:59:13] local.INFO: Subscription queued {"item_id":197} 
[2025-01-20 01:59:13] local.INFO: Subscription queued {"item_id":198} 
[2025-01-20 01:59:13] local.INFO: Subscription queued {"item_id":199} 
[2025-01-20 01:59:13] local.INFO: Subscription queued {"item_id":200} 
[2025-01-20 01:59:13] local.INFO: Subscription queued {"item_id":201} 
[2025-01-20 01:59:13] local.INFO: Subscription queued {"item_id":202} 
[2025-01-20 01:59:13] local.INFO: Subscription queued {"item_id":203} 
[2025-01-20 01:59:13] local.INFO: Subscription queued {"item_id":204} 
[2025-01-20 01:59:13] local.INFO: Subscription queued {"item_id":205} 
[2025-01-20 01:59:13] local.INFO: Subscription queued {"item_id":206} 
[2025-01-20 01:59:13] local.INFO: Subscription queued {"item_id":207} 
[2025-01-20 01:59:13] local.INFO: Subscription queued {"item_id":208} 
[2025-01-20 01:59:13] local.INFO: Subscription queued {"item_id":209} 
[2025-01-20 01:59:13] local.INFO: Subscription queued {"item_id":210} 
[2025-01-20 01:59:13] local.INFO: Subscription queued {"item_id":211} 
[2025-01-20 01:59:13] local.INFO: Subscription queued {"item_id":212} 
[2025-01-20 01:59:13] local.INFO: Subscription queued {"item_id":213} 
[2025-01-20 01:59:13] local.INFO: Subscription queued {"item_id":214} 
[2025-01-20 01:59:13] local.INFO: Subscription queued {"item_id":215} 
[2025-01-20 01:59:14] local.INFO: Subscription queued {"item_id":216} 
[2025-01-20 01:59:14] local.INFO: Subscription queued {"item_id":217} 
[2025-01-20 01:59:14] local.INFO: Subscription queued {"item_id":218} 
[2025-01-20 01:59:14] local.INFO: Subscription queued {"item_id":219} 
[2025-01-20 01:59:14] local.INFO: Subscription queued {"item_id":220} 
[2025-01-20 01:59:14] local.INFO: Subscription queued {"item_id":221} 
[2025-01-20 01:59:14] local.INFO: Subscription queued {"item_id":222} 
[2025-01-20 01:59:14] local.INFO: Subscription queued {"item_id":223} 
[2025-01-20 01:59:14] local.INFO: Subscription queued {"item_id":224} 
[2025-01-20 01:59:14] local.INFO: Subscription queued {"item_id":225} 
[2025-01-20 01:59:14] local.INFO: Subscription queued {"item_id":226} 
[2025-01-20 01:59:14] local.INFO: Subscription queued {"item_id":227} 
[2025-01-20 01:59:14] local.INFO: Subscription queued {"item_id":228} 
[2025-01-20 01:59:14] local.INFO: Subscription queued {"item_id":229} 
[2025-01-20 01:59:14] local.INFO: Subscription queued {"item_id":230} 
[2025-01-20 01:59:14] local.INFO: Subscription queued {"item_id":231} 
[2025-01-20 01:59:14] local.INFO: Subscription queued {"item_id":232} 
[2025-01-20 01:59:14] local.INFO: Subscription queued {"item_id":233} 
[2025-01-20 01:59:14] local.INFO: Subscription queued {"item_id":234} 
[2025-01-20 01:59:14] local.INFO: Subscription queued {"item_id":235} 
[2025-01-20 02:07:20] local.INFO: Subscription queued {"item_id":242} 
[2025-01-20 02:18:49] local.ERROR: App\Jobs\SendSubscriptionJob has been attempted too many times. {"exception":"[object] (Illuminate\\Queue\\MaxAttemptsExceededException(code: 0): App\\Jobs\\SendSubscriptionJob has been attempted too many times. at /var/www/html/vendor/laravel/framework/src/Illuminate/Queue/MaxAttemptsExceededException.php:24)
[stacktrace]
#0 /var/www/html/vendor/laravel/framework/src/Illuminate/Queue/Worker.php(794): Illuminate\\Queue\\MaxAttemptsExceededException::forJob()
#1 /var/www/html/vendor/laravel/framework/src/Illuminate/Queue/Worker.php(528): Illuminate\\Queue\\Worker->maxAttemptsExceededException()
#2 /var/www/html/vendor/laravel/framework/src/Illuminate/Queue/Worker.php(431): Illuminate\\Queue\\Worker->markJobAsFailedIfAlreadyExceedsMaxAttempts()
#3 /var/www/html/vendor/laravel/framework/src/Illuminate/Queue/Worker.php(392): Illuminate\\Queue\\Worker->process()
#4 /var/www/html/vendor/laravel/framework/src/Illuminate/Queue/Worker.php(178): Illuminate\\Queue\\Worker->runJob()
#5 /var/www/html/vendor/laravel/framework/src/Illuminate/Queue/Console/WorkCommand.php(149): Illuminate\\Queue\\Worker->daemon()
#6 /var/www/html/vendor/laravel/framework/src/Illuminate/Queue/Console/WorkCommand.php(132): Illuminate\\Queue\\Console\\WorkCommand->runWorker()
#7 /var/www/html/vendor/laravel/framework/src/Illuminate/Container/BoundMethod.php(36): Illuminate\\Queue\\Console\\WorkCommand->handle()
#8 /var/www/html/vendor/laravel/framework/src/Illuminate/Container/Util.php(43): Illuminate\\Container\\BoundMethod::{closure:Illuminate\\Container\\BoundMethod::call():35}()
#9 /var/www/html/vendor/laravel/framework/src/Illuminate/Container/BoundMethod.php(95): Illuminate\\Container\\Util::unwrapIfClosure()
#10 /var/www/html/vendor/laravel/framework/src/Illuminate/Container/BoundMethod.php(35): Illuminate\\Container\\BoundMethod::callBoundMethod()
#11 /var/www/html/vendor/laravel/framework/src/Illuminate/Container/Container.php(694): Illuminate\\Container\\BoundMethod::call()
#12 /var/www/html/vendor/laravel/framework/src/Illuminate/Console/Command.php(213): Illuminate\\Container\\Container->call()
#13 /var/www/html/vendor/symfony/console/Command/Command.php(279): Illuminate\\Console\\Command->execute()
#14 /var/www/html/vendor/laravel/framework/src/Illuminate/Console/Command.php(182): Symfony\\Component\\Console\\Command\\Command->run()
#15 /var/www/html/vendor/symfony/console/Application.php(1094): Illuminate\\Console\\Command->run()
#16 /var/www/html/vendor/symfony/console/Application.php(342): Symfony\\Component\\Console\\Application->doRunCommand()
#17 /var/www/html/vendor/symfony/console/Application.php(193): Symfony\\Component\\Console\\Application->doRun()
#18 /var/www/html/vendor/laravel/framework/src/Illuminate/Foundation/Console/Kernel.php(198): Symfony\\Component\\Console\\Application->run()
#19 /var/www/html/vendor/laravel/framework/src/Illuminate/Foundation/Application.php(1208): Illuminate\\Foundation\\Console\\Kernel->handle()
#20 /var/www/html/artisan(13): Illuminate\\Foundation\\Application->handleCommand()
#21 {main}
"} 
[2025-01-20 02:18:51] local.INFO: Subscription item sent to slowapi {"status":200,"body":{"message":"Received subscription order","received":{"name":"Smindle ElePHPant plushie","price":295.45,"sent_at":"2025-01-20 02:18:49","type":"subscription"},"status":"ok"},"item_id":191} 
[2025-01-20 02:18:54] local.INFO: Subscription item sent to slowapi {"status":200,"body":{"message":"Received subscription order","received":{"name":"Smindle ElePHPant plushie","price":295.45,"sent_at":"2025-01-20 02:18:51","type":"subscription"},"status":"ok"},"item_id":192} 
[2025-01-20 02:18:56] local.INFO: Subscription item sent to slowapi {"status":200,"body":{"message":"Received subscription order","received":{"name":"Smindle ElePHPant plushie","price":295.45,"sent_at":"2025-01-20 02:18:54","type":"subscription"},"status":"ok"},"item_id":193} 
[2025-01-20 02:18:58] local.INFO: Subscription item sent to slowapi {"status":200,"body":{"message":"Received subscription order","received":{"name":"Smindle ElePHPant plushie","price":295.45,"sent_at":"2025-01-20 02:18:56","type":"subscription"},"status":"ok"},"item_id":194} 
[2025-01-20 02:19:00] local.INFO: Subscription item sent to slowapi {"status":200,"body":{"message":"Received subscription order","received":{"name":"Smindle ElePHPant plushie","price":295.45,"sent_at":"2025-01-20 02:18:58","type":"subscription"},"status":"ok"},"item_id":195} 
[2025-01-20 02:19:02] local.INFO: Subscription item sent to slowapi {"status":200,"body":{"message":"Received subscription order","received":{"name":"Smindle ElePHPant plushie","price":295.45,"sent_at":"2025-01-20 02:19:00","type":"subscription"},"status":"ok"},"item_id":196} 
[2025-01-20 02:19:04] local.INFO: Subscription item sent to slowapi {"status":200,"body":{"message":"Received subscription order","received":{"name":"Smindle ElePHPant plushie","price":295.45,"sent_at":"2025-01-20 02:19:02","type":"subscription"},"status":"ok"},"item_id":197} 
[2025-01-20 02:19:06] local.INFO: Subscription item sent to slowapi {"status":200,"body":{"message":"Received subscription order","received":{"name":"Smindle ElePHPant plushie","price":295.45,"sent_at":"2025-01-20 02:19:04","type":"subscription"},"status":"ok"},"item_id":198} 
[2025-01-20 02:19:08] local.INFO: Subscription item sent to slowapi {"status":200,"body":{"message":"Received subscription order","received":{"name":"Smindle ElePHPant plushie","price":295.45,"sent_at":"2025-01-20 02:19:06","type":"subscription"},"status":"ok"},"item_id":199} 
[2025-01-20 02:19:10] local.INFO: Subscription item sent to slowapi {"status":200,"body":{"message":"Received subscription order","received":{"name":"Smindle ElePHPant plushie","price":295.45,"sent_at":"2025-01-20 02:19:08","type":"subscription"},"status":"ok"},"item_id":200} 
[2025-01-20 02:19:12] local.INFO: Subscription item sent to slowapi {"status":200,"body":{"message":"Received subscription order","received":{"name":"Smindle ElePHPant plushie","price":295.45,"sent_at":"2025-01-20 02:19:10","type":"subscription"},"status":"ok"},"item_id":201} 
[2025-01-20 02:19:14] local.INFO: Subscription item sent to slowapi {"status":200,"body":{"message":"Received subscription order","received":{"name":"Smindle ElePHPant plushie","price":295.45,"sent_at":"2025-01-20 02:19:12","type":"subscription"},"status":"ok"},"item_id":202} 
[2025-01-20 02:19:16] local.INFO: Subscription item sent to slowapi {"status":200,"body":{"message":"Received subscription order","received":{"name":"Smindle ElePHPant plushie","price":295.45,"sent_at":"2025-01-20 02:19:14","type":"subscription"},"status":"ok"},"item_id":203} 
[2025-01-20 02:19:18] local.INFO: Subscription item sent to slowapi {"status":200,"body":{"message":"Received subscription order","received":{"name":"Smindle ElePHPant plushie","price":295.45,"sent_at":"2025-01-20 02:19:16","type":"subscription"},"status":"ok"},"item_id":204} 
[2025-01-20 02:19:20] local.INFO: Subscription item sent to slowapi {"status":200,"body":{"message":"Received subscription order","received":{"name":"Smindle ElePHPant plushie","price":295.45,"sent_at":"2025-01-20 02:19:18","type":"subscription"},"status":"ok"},"item_id":205} 
[2025-01-20 02:19:22] local.INFO: Subscription item sent to slowapi {"status":200,"body":{"message":"Received subscription order","received":{"name":"Smindle ElePHPant plushie","price":295.45,"sent_at":"2025-01-20 02:19:20","type":"subscription"},"status":"ok"},"item_id":206} 
[2025-01-20 02:19:24] local.INFO: Subscription item sent to slowapi {"status":200,"body":{"message":"Received subscription order","received":{"name":"Smindle ElePHPant plushie","price":295.45,"sent_at":"2025-01-20 02:19:22","type":"subscription"},"status":"ok"},"item_id":207} 
[2025-01-20 02:19:26] local.INFO: Subscription item sent to slowapi {"status":200,"body":{"message":"Received subscription order","received":{"name":"Smindle ElePHPant plushie","price":295.45,"sent_at":"2025-01-20 02:19:24","type":"subscription"},"status":"ok"},"item_id":208} 
[2025-01-20 02:19:28] local.INFO: Subscription item sent to slowapi {"status":200,"body":{"message":"Received subscription order","received":{"name":"Smindle ElePHPant plushie","price":295.45,"sent_at":"2025-01-20 02:19:26","type":"subscription"},"status":"ok"},"item_id":209} 
[2025-01-20 02:19:30] local.INFO: Subscription item sent to slowapi {"status":200,"body":{"message":"Received subscription order","received":{"name":"Smindle ElePHPant plushie","price":295.45,"sent_at":"2025-01-20 02:19:28","type":"subscription"},"status":"ok"},"item_id":210} 
[2025-01-20 02:19:32] local.INFO: Subscription item sent to slowapi {"status":200,"body":{"message":"Received subscription order","received":{"name":"Smindle ElePHPant plushie","price":295.45,"sent_at":"2025-01-20 02:19:30","type":"subscription"},"status":"ok"},"item_id":211} 
[2025-01-20 02:19:34] local.INFO: Subscription item sent to slowapi {"status":200,"body":{"message":"Received subscription order","received":{"name":"Smindle ElePHPant plushie","price":295.45,"sent_at":"2025-01-20 02:19:32","type":"subscription"},"status":"ok"},"item_id":212} 
[2025-01-20 02:19:36] local.INFO: Subscription item sent to slowapi {"status":200,"body":{"message":"Received subscription order","received":{"name":"Smindle ElePHPant plushie","price":295.45,"sent_at":"2025-01-20 02:19:34","type":"subscription"},"status":"ok"},"item_id":213} 
[2025-01-20 02:19:38] local.INFO: Subscription item sent to slowapi {"status":200,"body":{"message":"Received subscription order","received":{"name":"Smindle ElePHPant plushie","price":295.45,"sent_at":"2025-01-20 02:19:36","type":"subscription"},"status":"ok"},"item_id":214} 
[2025-01-20 02:19:40] local.INFO: Subscription item sent to slowapi {"status":200,"body":{"message":"Received subscription order","received":{"name":"Smindle ElePHPant plushie","price":295.45,"sent_at":"2025-01-20 02:19:38","type":"subscription"},"status":"ok"},"item_id":215} 
[2025-01-20 02:19:42] local.INFO: Subscription item sent to slowapi {"status":200,"body":{"message":"Received subscription order","received":{"name":"Smindle ElePHPant plushie","price":295.45,"sent_at":"2025-01-20 02:19:40","type":"subscription"},"status":"ok"},"item_id":216} 
[2025-01-20 02:19:44] local.INFO: Subscription item sent to slowapi {"status":200,"body":{"message":"Received subscription order","received":{"name":"Smindle ElePHPant plushie","price":295.45,"sent_at":"2025-01-20 02:19:42","type":"subscription"},"status":"ok"},"item_id":217} 
[2025-01-20 02:19:46] local.INFO: Subscription item sent to slowapi {"status":200,"body":{"message":"Received subscription order","received":{"name":"Smindle ElePHPant plushie","price":295.45,"sent_at":"2025-01-20 02:19:44","type":"subscription"},"status":"ok"},"item_id":218} 
[2025-01-20 02:19:48] local.INFO: Subscription item sent to slowapi {"status":200,"body":{"message":"Received subscription order","received":{"name":"Smindle ElePHPant plushie","price":295.45,"sent_at":"2025-01-20 02:19:46","type":"subscription"},"status":"ok"},"item_id":219} 
[2025-01-20 02:19:50] local.INFO: Subscription item sent to slowapi {"status":200,"body":{"message":"Received subscription order","received":{"name":"Smindle ElePHPant plushie","price":295.45,"sent_at":"2025-01-20 02:19:48","type":"subscription"},"status":"ok"},"item_id":220} 
[2025-01-20 02:19:52] local.INFO: Subscription item sent to slowapi {"status":200,"body":{"message":"Received subscription order","received":{"name":"Smindle ElePHPant plushie","price":295.45,"sent_at":"2025-01-20 02:19:50","type":"subscription"},"status":"ok"},"item_id":221} 
[2025-01-20 02:19:54] local.INFO: Subscription item sent to slowapi {"status":200,"body":{"message":"Received subscription order","received":{"name":"Smindle ElePHPant plushie","price":295.45,"sent_at":"2025-01-20 02:19:52","type":"subscription"},"status":"ok"},"item_id":222} 
[2025-01-20 02:19:56] local.INFO: Subscription item sent to slowapi {"status":200,"body":{"message":"Received subscription order","received":{"name":"Smindle ElePHPant plushie","price":295.45,"sent_at":"2025-01-20 02:19:54","type":"subscription"},"status":"ok"},"item_id":223} 
[2025-01-20 02:19:58] local.INFO: Subscription item sent to slowapi {"status":200,"body":{"message":"Received subscription order","received":{"name":"Smindle ElePHPant plushie","price":295.45,"sent_at":"2025-01-20 02:19:56","type":"subscription"},"status":"ok"},"item_id":224} 
[2025-01-20 02:20:00] local.INFO: Subscription item sent to slowapi {"status":200,"body":{"message":"Received subscription order","received":{"name":"Smindle ElePHPant plushie","price":295.45,"sent_at":"2025-01-20 02:19:58","type":"subscription"},"status":"ok"},"item_id":225} 
[2025-01-20 02:20:03] local.INFO: Subscription item sent to slowapi {"status":200,"body":{"message":"Received subscription order","received":{"name":"Smindle ElePHPant plushie","price":295.45,"sent_at":"2025-01-20 02:20:01","type":"subscription"},"status":"ok"},"item_id":226} 
[2025-01-20 02:20:05] local.INFO: Subscription item sent to slowapi {"status":200,"body":{"message":"Received subscription order","received":{"name":"Smindle ElePHPant plushie","price":295.45,"sent_at":"2025-01-20 02:20:03","type":"subscription"},"status":"ok"},"item_id":227} 
[2025-01-20 02:20:07] local.INFO: Subscription item sent to slowapi {"status":200,"body":{"message":"Received subscription order","received":{"name":"Smindle ElePHPant plushie","price":295.45,"sent_at":"2025-01-20 02:20:05","type":"subscription"},"status":"ok"},"item_id":228} 
[2025-01-20 02:20:09] local.INFO: Subscription item sent to slowapi {"status":200,"body":{"message":"Received subscription order","received":{"name":"Smindle ElePHPant plushie","price":295.45,"sent_at":"2025-01-20 02:20:07","type":"subscription"},"status":"ok"},"item_id":229} 
[2025-01-20 02:20:11] local.INFO: Subscription item sent to slowapi {"status":200,"body":{"message":"Received subscription order","received":{"name":"Smindle ElePHPant plushie","price":295.45,"sent_at":"2025-01-20 02:20:09","type":"subscription"},"status":"ok"},"item_id":230} 
[2025-01-20 02:20:13] local.INFO: Subscription item sent to slowapi {"status":200,"body":{"message":"Received subscription order","received":{"name":"Smindle ElePHPant plushie","price":295.45,"sent_at":"2025-01-20 02:20:11","type":"subscription"},"status":"ok"},"item_id":231} 
[2025-01-20 02:20:15] local.INFO: Subscription item sent to slowapi {"status":200,"body":{"message":"Received subscription order","received":{"name":"Smindle ElePHPant plushie","price":295.45,"sent_at":"2025-01-20 02:20:13","type":"subscription"},"status":"ok"},"item_id":232} 
[2025-01-20 02:20:17] local.INFO: Subscription item sent to slowapi {"status":200,"body":{"message":"Received subscription order","received":{"name":"Smindle ElePHPant plushie","price":295.45,"sent_at":"2025-01-20 02:20:15","type":"subscription"},"status":"ok"},"item_id":233} 
[2025-01-20 02:20:19] local.INFO: Subscription item sent to slowapi {"status":200,"body":{"message":"Received subscription order","received":{"name":"Smindle ElePHPant plushie","price":295.45,"sent_at":"2025-01-20 02:20:17","type":"subscription"},"status":"ok"},"item_id":234} 
[2025-01-20 02:20:21] local.INFO: Subscription item sent to slowapi {"status":200,"body":{"message":"Received subscription order","received":{"name":"Smindle ElePHPant plushie","price":295.45,"sent_at":"2025-01-20 02:20:19","type":"subscription"},"status":"ok"},"item_id":235} 
[2025-01-20 02:20:23] local.INFO: Subscription item sent to slowapi {"status":200,"body":{"message":"Received subscription order","received":{"name":"Smindle ElePHPant plushie","price":295.45,"sent_at":"2025-01-20 02:20:21","type":"subscription"},"status":"ok"},"item_id":242} 
[2025-01-20 02:25:13] local.INFO: Subscription queued {"item_id":243} 
[2025-01-20 02:25:58] local.INFO: Subscription item sent to slowapi {"status":200,"body":{"message":"Received subscription order","received":{"name":"Smindle ElePHPant plushie","price":295.45,"sent_at":"2025-01-20 02:25:56","type":"subscription"},"status":"ok"},"item_id":243} 
[2025-01-20 02:47:50] local.INFO: Subscription queued {"item_id":244} 
[2025-01-20 02:47:53] local.INFO: Subscription item sent to slowapi {"status":200,"body":{"message":"Received subscription order","received":{"name":"Smindle ElePHPant plushie","price":295.45,"sent_at":"2025-01-20 02:47:51","type":"subscription"},"status":"ok"},"item_id":244} 
[2025-01-20 02:48:17] local.INFO: Subscription queued {"item_id":245} 
[2025-01-20 02:48:17] local.INFO: Subscription queued {"item_id":246} 
[2025-01-20 02:48:18] local.INFO: Subscription queued {"item_id":247} 
[2025-01-20 02:48:19] local.INFO: Subscription queued {"item_id":248} 
[2025-01-20 02:48:19] local.INFO: Subscription queued {"item_id":249} 
[2025-01-20 02:48:19] local.INFO: Subscription item sent to slowapi {"status":200,"body":{"message":"Received subscription order","received":{"name":"Smindle ElePHPant plushie","price":295.45,"sent_at":"2025-01-20 02:48:17","type":"subscription"},"status":"ok"},"item_id":245} 
[2025-01-20 02:48:21] local.INFO: Subscription item sent to slowapi {"status":200,"body":{"message":"Received subscription order","received":{"name":"Smindle ElePHPant plushie","price":295.45,"sent_at":"2025-01-20 02:48:19","type":"subscription"},"status":"ok"},"item_id":246} 
[2025-01-20 02:48:23] local.INFO: Subscription item sent to slowapi {"status":200,"body":{"message":"Received subscription order","received":{"name":"Smindle ElePHPant plushie","price":295.45,"sent_at":"2025-01-20 02:48:21","type":"subscription"},"status":"ok"},"item_id":247} 
[2025-01-20 02:48:25] local.INFO: Subscription item sent to slowapi {"status":200,"body":{"message":"Received subscription order","received":{"name":"Smindle ElePHPant plushie","price":295.45,"sent_at":"2025-01-20 02:48:23","type":"subscription"},"status":"ok"},"item_id":248} 
[2025-01-20 02:48:28] local.INFO: Subscription item sent to slowapi {"status":200,"body":{"message":"Received subscription order","received":{"name":"Smindle ElePHPant plushie","price":295.45,"sent_at":"2025-01-20 02:48:26","type":"subscription"},"status":"ok"},"item_id":249} 
